Determining if the include file malloc/malloc.h exists failed with the following output:
Change Dir: /home/anjan/github.com/osxcross/build/llvm-3.9.1.src/build_stage1/CMakeFiles/CMakeTmp

Run Build Command:"/usr/bin/gmake" "cmTC_6366c/fast"
/usr/bin/gmake -f CMakeFiles/cmTC_6366c.dir/build.make CMakeFiles/cmTC_6366c.dir/build
gmake[1]: Entering directory '/home/anjan/github.com/osxcross/build/llvm-3.9.1.src/build_stage1/CMakeFiles/CMakeTmp'
Building C object CMakeFiles/cmTC_6366c.dir/CheckIncludeFile.c.o
/usr/lib64/ccache/gcc    -o CMakeFiles/cmTC_6366c.dir/CheckIncludeFile.c.o   -c /home/anjan/github.com/osxcross/build/llvm-3.9.1.src/build_stage1/CMakeFiles/CMakeTmp/CheckIncludeFile.c
/home/anjan/github.com/osxcross/build/llvm-3.9.1.src/build_stage1/CMakeFiles/CMakeTmp/CheckIncludeFile.c:1:10: fatal error: malloc/malloc.h: No such file or directory
 #include <malloc/malloc.h>
          ^~~~~~~~~~~~~~~~~
compilation terminated.
gmake[1]: *** [CMakeFiles/cmTC_6366c.dir/build.make:66: CMakeFiles/cmTC_6366c.dir/CheckIncludeFile.c.o] Error 1
gmake[1]: Leaving directory '/home/anjan/github.com/osxcross/build/llvm-3.9.1.src/build_stage1/CMakeFiles/CMakeTmp'
gmake: *** [Makefile:126: cmTC_6366c/fast] Error 2


Determining if the include file ndir.h exists failed with the following output:
Change Dir: /home/anjan/github.com/osxcross/build/llvm-3.9.1.src/build_stage1/CMakeFiles/CMakeTmp

Run Build Command:"/usr/bin/gmake" "cmTC_1d4ed/fast"
/usr/bin/gmake -f CMakeFiles/cmTC_1d4ed.dir/build.make CMakeFiles/cmTC_1d4ed.dir/build
gmake[1]: Entering directory '/home/anjan/github.com/osxcross/build/llvm-3.9.1.src/build_stage1/CMakeFiles/CMakeTmp'
Building C object CMakeFiles/cmTC_1d4ed.dir/CheckIncludeFile.c.o
/usr/lib64/ccache/gcc    -o CMakeFiles/cmTC_1d4ed.dir/CheckIncludeFile.c.o   -c /home/anjan/github.com/osxcross/build/llvm-3.9.1.src/build_stage1/CMakeFiles/CMakeTmp/CheckIncludeFile.c
/home/anjan/github.com/osxcross/build/llvm-3.9.1.src/build_stage1/CMakeFiles/CMakeTmp/CheckIncludeFile.c:1:10: fatal error: ndir.h: No such file or directory
 #include <ndir.h>
          ^~~~~~~~
compilation terminated.
gmake[1]: *** [CMakeFiles/cmTC_1d4ed.dir/build.make:66: CMakeFiles/cmTC_1d4ed.dir/CheckIncludeFile.c.o] Error 1
gmake[1]: Leaving directory '/home/anjan/github.com/osxcross/build/llvm-3.9.1.src/build_stage1/CMakeFiles/CMakeTmp'
gmake: *** [Makefile:126: cmTC_1d4ed/fast] Error 2


Determining if the include file sys/ndir.h exists failed with the following output:
Change Dir: /home/anjan/github.com/osxcross/build/llvm-3.9.1.src/build_stage1/CMakeFiles/CMakeTmp

Run Build Command:"/usr/bin/gmake" "cmTC_82d97/fast"
/usr/bin/gmake -f CMakeFiles/cmTC_82d97.dir/build.make CMakeFiles/cmTC_82d97.dir/build
gmake[1]: Entering directory '/home/anjan/github.com/osxcross/build/llvm-3.9.1.src/build_stage1/CMakeFiles/CMakeTmp'
Building C object CMakeFiles/cmTC_82d97.dir/CheckIncludeFile.c.o
/usr/lib64/ccache/gcc    -o CMakeFiles/cmTC_82d97.dir/CheckIncludeFile.c.o   -c /home/anjan/github.com/osxcross/build/llvm-3.9.1.src/build_stage1/CMakeFiles/CMakeTmp/CheckIncludeFile.c
/home/anjan/github.com/osxcross/build/llvm-3.9.1.src/build_stage1/CMakeFiles/CMakeTmp/CheckIncludeFile.c:1:10: fatal error: sys/ndir.h: No such file or directory
 #include <sys/ndir.h>
          ^~~~~~~~~~~~
compilation terminated.
gmake[1]: *** [CMakeFiles/cmTC_82d97.dir/build.make:66: CMakeFiles/cmTC_82d97.dir/CheckIncludeFile.c.o] Error 1
gmake[1]: Leaving directory '/home/anjan/github.com/osxcross/build/llvm-3.9.1.src/build_stage1/CMakeFiles/CMakeTmp'
gmake: *** [Makefile:126: cmTC_82d97/fast] Error 2


Determining if the include file valgrind/valgrind.h exists failed with the following output:
Change Dir: /home/anjan/github.com/osxcross/build/llvm-3.9.1.src/build_stage1/CMakeFiles/CMakeTmp

Run Build Command:"/usr/bin/gmake" "cmTC_dade1/fast"
/usr/bin/gmake -f CMakeFiles/cmTC_dade1.dir/build.make CMakeFiles/cmTC_dade1.dir/build
gmake[1]: Entering directory '/home/anjan/github.com/osxcross/build/llvm-3.9.1.src/build_stage1/CMakeFiles/CMakeTmp'
Building C object CMakeFiles/cmTC_dade1.dir/CheckIncludeFile.c.o
/usr/lib64/ccache/gcc    -o CMakeFiles/cmTC_dade1.dir/CheckIncludeFile.c.o   -c /home/anjan/github.com/osxcross/build/llvm-3.9.1.src/build_stage1/CMakeFiles/CMakeTmp/CheckIncludeFile.c
/home/anjan/github.com/osxcross/build/llvm-3.9.1.src/build_stage1/CMakeFiles/CMakeTmp/CheckIncludeFile.c:1:10: fatal error: valgrind/valgrind.h: No such file or directory
 #include <valgrind/valgrind.h>
          ^~~~~~~~~~~~~~~~~~~~~
compilation terminated.
gmake[1]: *** [CMakeFiles/cmTC_dade1.dir/build.make:66: CMakeFiles/cmTC_dade1.dir/CheckIncludeFile.c.o] Error 1
gmake[1]: Leaving directory '/home/anjan/github.com/osxcross/build/llvm-3.9.1.src/build_stage1/CMakeFiles/CMakeTmp'
gmake: *** [Makefile:126: cmTC_dade1/fast] Error 2


Determining if the include file mach/mach.h exists failed with the following output:
Change Dir: /home/anjan/github.com/osxcross/build/llvm-3.9.1.src/build_stage1/CMakeFiles/CMakeTmp

Run Build Command:"/usr/bin/gmake" "cmTC_f4d3d/fast"
/usr/bin/gmake -f CMakeFiles/cmTC_f4d3d.dir/build.make CMakeFiles/cmTC_f4d3d.dir/build
gmake[1]: Entering directory '/home/anjan/github.com/osxcross/build/llvm-3.9.1.src/build_stage1/CMakeFiles/CMakeTmp'
Building C object CMakeFiles/cmTC_f4d3d.dir/CheckIncludeFile.c.o
/usr/lib64/ccache/gcc    -o CMakeFiles/cmTC_f4d3d.dir/CheckIncludeFile.c.o   -c /home/anjan/github.com/osxcross/build/llvm-3.9.1.src/build_stage1/CMakeFiles/CMakeTmp/CheckIncludeFile.c
/home/anjan/github.com/osxcross/build/llvm-3.9.1.src/build_stage1/CMakeFiles/CMakeTmp/CheckIncludeFile.c:1:10: fatal error: mach/mach.h: No such file or directory
 #include <mach/mach.h>
          ^~~~~~~~~~~~~
compilation terminated.
gmake[1]: *** [CMakeFiles/cmTC_f4d3d.dir/build.make:66: CMakeFiles/cmTC_f4d3d.dir/CheckIncludeFile.c.o] Error 1
gmake[1]: Leaving directory '/home/anjan/github.com/osxcross/build/llvm-3.9.1.src/build_stage1/CMakeFiles/CMakeTmp'
gmake: *** [Makefile:126: cmTC_f4d3d/fast] Error 2


Determining if the include file mach-o/dyld.h exists failed with the following output:
Change Dir: /home/anjan/github.com/osxcross/build/llvm-3.9.1.src/build_stage1/CMakeFiles/CMakeTmp

Run Build Command:"/usr/bin/gmake" "cmTC_d383b/fast"
/usr/bin/gmake -f CMakeFiles/cmTC_d383b.dir/build.make CMakeFiles/cmTC_d383b.dir/build
gmake[1]: Entering directory '/home/anjan/github.com/osxcross/build/llvm-3.9.1.src/build_stage1/CMakeFiles/CMakeTmp'
Building C object CMakeFiles/cmTC_d383b.dir/CheckIncludeFile.c.o
/usr/lib64/ccache/gcc    -o CMakeFiles/cmTC_d383b.dir/CheckIncludeFile.c.o   -c /home/anjan/github.com/osxcross/build/llvm-3.9.1.src/build_stage1/CMakeFiles/CMakeTmp/CheckIncludeFile.c
/home/anjan/github.com/osxcross/build/llvm-3.9.1.src/build_stage1/CMakeFiles/CMakeTmp/CheckIncludeFile.c:1:10: fatal error: mach-o/dyld.h: No such file or directory
 #include <mach-o/dyld.h>
          ^~~~~~~~~~~~~~~
compilation terminated.
gmake[1]: *** [CMakeFiles/cmTC_d383b.dir/build.make:66: CMakeFiles/cmTC_d383b.dir/CheckIncludeFile.c.o] Error 1
gmake[1]: Leaving directory '/home/anjan/github.com/osxcross/build/llvm-3.9.1.src/build_stage1/CMakeFiles/CMakeTmp'
gmake: *** [Makefile:126: cmTC_d383b/fast] Error 2


Determining if the include file histedit.h exists failed with the following output:
Change Dir: /home/anjan/github.com/osxcross/build/llvm-3.9.1.src/build_stage1/CMakeFiles/CMakeTmp

Run Build Command:"/usr/bin/gmake" "cmTC_6ec1a/fast"
/usr/bin/gmake -f CMakeFiles/cmTC_6ec1a.dir/build.make CMakeFiles/cmTC_6ec1a.dir/build
gmake[1]: Entering directory '/home/anjan/github.com/osxcross/build/llvm-3.9.1.src/build_stage1/CMakeFiles/CMakeTmp'
Building C object CMakeFiles/cmTC_6ec1a.dir/CheckIncludeFile.c.o
/usr/lib64/ccache/gcc    -o CMakeFiles/cmTC_6ec1a.dir/CheckIncludeFile.c.o   -c /home/anjan/github.com/osxcross/build/llvm-3.9.1.src/build_stage1/CMakeFiles/CMakeTmp/CheckIncludeFile.c
/home/anjan/github.com/osxcross/build/llvm-3.9.1.src/build_stage1/CMakeFiles/CMakeTmp/CheckIncludeFile.c:1:10: fatal error: histedit.h: No such file or directory
 #include <histedit.h>
          ^~~~~~~~~~~~
compilation terminated.
gmake[1]: *** [CMakeFiles/cmTC_6ec1a.dir/build.make:66: CMakeFiles/cmTC_6ec1a.dir/CheckIncludeFile.c.o] Error 1
gmake[1]: Leaving directory '/home/anjan/github.com/osxcross/build/llvm-3.9.1.src/build_stage1/CMakeFiles/CMakeTmp'
gmake: *** [Makefile:126: cmTC_6ec1a/fast] Error 2


Determining if the pthread_create exist failed with the following output:
Change Dir: /home/anjan/github.com/osxcross/build/llvm-3.9.1.src/build_stage1/CMakeFiles/CMakeTmp

Run Build Command:"/usr/bin/gmake" "cmTC_ef2fd/fast"
/usr/bin/gmake -f CMakeFiles/cmTC_ef2fd.dir/build.make CMakeFiles/cmTC_ef2fd.dir/build
gmake[1]: Entering directory '/home/anjan/github.com/osxcross/build/llvm-3.9.1.src/build_stage1/CMakeFiles/CMakeTmp'
Building C object CMakeFiles/cmTC_ef2fd.dir/CheckSymbolExists.c.o
/usr/lib64/ccache/gcc    -o CMakeFiles/cmTC_ef2fd.dir/CheckSymbolExists.c.o   -c /home/anjan/github.com/osxcross/build/llvm-3.9.1.src/build_stage1/CMakeFiles/CMakeTmp/CheckSymbolExists.c
Linking C executable cmTC_ef2fd
/usr/bin/cmake -E cmake_link_script CMakeFiles/cmTC_ef2fd.dir/link.txt --verbose=1
/usr/lib64/ccache/gcc      CMakeFiles/cmTC_ef2fd.dir/CheckSymbolExists.c.o  -o cmTC_ef2fd -lm 
CMakeFiles/cmTC_ef2fd.dir/CheckSymbolExists.c.o: In function `main':
CheckSymbolExists.c:(.text+0x16): undefined reference to `pthread_create'
collect2: error: ld returned 1 exit status
gmake[1]: *** [CMakeFiles/cmTC_ef2fd.dir/build.make:87: cmTC_ef2fd] Error 1
gmake[1]: Leaving directory '/home/anjan/github.com/osxcross/build/llvm-3.9.1.src/build_stage1/CMakeFiles/CMakeTmp'
gmake: *** [Makefile:126: cmTC_ef2fd/fast] Error 2

File /home/anjan/github.com/osxcross/build/llvm-3.9.1.src/build_stage1/CMakeFiles/CMakeTmp/CheckSymbolExists.c:
/* */
#include <pthread.h>

int main(int argc, char** argv)
{
  (void)argv;
#ifndef pthread_create
  return ((int*)(&pthread_create))[argc];
#else
  (void)argc;
  return 0;
#endif
}

Determining if the function pthread_create exists in the pthreads failed with the following output:
Change Dir: /home/anjan/github.com/osxcross/build/llvm-3.9.1.src/build_stage1/CMakeFiles/CMakeTmp

Run Build Command:"/usr/bin/gmake" "cmTC_5de9a/fast"
/usr/bin/gmake -f CMakeFiles/cmTC_5de9a.dir/build.make CMakeFiles/cmTC_5de9a.dir/build
gmake[1]: Entering directory '/home/anjan/github.com/osxcross/build/llvm-3.9.1.src/build_stage1/CMakeFiles/CMakeTmp'
Building C object CMakeFiles/cmTC_5de9a.dir/CheckFunctionExists.c.o
/usr/lib64/ccache/gcc   -DCHECK_FUNCTION_EXISTS=pthread_create   -o CMakeFiles/cmTC_5de9a.dir/CheckFunctionExists.c.o   -c /usr/share/cmake/Modules/CheckFunctionExists.c
Linking C executable cmTC_5de9a
/usr/bin/cmake -E cmake_link_script CMakeFiles/cmTC_5de9a.dir/link.txt --verbose=1
/usr/lib64/ccache/gcc  -DCHECK_FUNCTION_EXISTS=pthread_create    CMakeFiles/cmTC_5de9a.dir/CheckFunctionExists.c.o  -o cmTC_5de9a -lpthreads -lm 
/usr/bin/ld: cannot find -lpthreads
collect2: error: ld returned 1 exit status
gmake[1]: *** [CMakeFiles/cmTC_5de9a.dir/build.make:87: cmTC_5de9a] Error 1
gmake[1]: Leaving directory '/home/anjan/github.com/osxcross/build/llvm-3.9.1.src/build_stage1/CMakeFiles/CMakeTmp'
gmake: *** [Makefile:126: cmTC_5de9a/fast] Error 2


Determining if the function xar_open exists in the xar failed with the following output:
Change Dir: /home/anjan/github.com/osxcross/build/llvm-3.9.1.src/build_stage1/CMakeFiles/CMakeTmp

Run Build Command:"/usr/bin/gmake" "cmTC_c0867/fast"
/usr/bin/gmake -f CMakeFiles/cmTC_c0867.dir/build.make CMakeFiles/cmTC_c0867.dir/build
gmake[1]: Entering directory '/home/anjan/github.com/osxcross/build/llvm-3.9.1.src/build_stage1/CMakeFiles/CMakeTmp'
Building C object CMakeFiles/cmTC_c0867.dir/CheckFunctionExists.c.o
/usr/lib64/ccache/gcc   -DCHECK_FUNCTION_EXISTS=xar_open   -o CMakeFiles/cmTC_c0867.dir/CheckFunctionExists.c.o   -c /usr/share/cmake/Modules/CheckFunctionExists.c
Linking C executable cmTC_c0867
/usr/bin/cmake -E cmake_link_script CMakeFiles/cmTC_c0867.dir/link.txt --verbose=1
/usr/lib64/ccache/gcc  -DCHECK_FUNCTION_EXISTS=xar_open    CMakeFiles/cmTC_c0867.dir/CheckFunctionExists.c.o  -o cmTC_c0867 -lxar -lm 
/usr/bin/ld: cannot find -lxar
collect2: error: ld returned 1 exit status
gmake[1]: *** [CMakeFiles/cmTC_c0867.dir/build.make:87: cmTC_c0867] Error 1
gmake[1]: Leaving directory '/home/anjan/github.com/osxcross/build/llvm-3.9.1.src/build_stage1/CMakeFiles/CMakeTmp'
gmake: *** [Makefile:126: cmTC_c0867/fast] Error 2


Determining if the arc4random exist failed with the following output:
Change Dir: /home/anjan/github.com/osxcross/build/llvm-3.9.1.src/build_stage1/CMakeFiles/CMakeTmp

Run Build Command:"/usr/bin/gmake" "cmTC_38dd9/fast"
/usr/bin/gmake -f CMakeFiles/cmTC_38dd9.dir/build.make CMakeFiles/cmTC_38dd9.dir/build
gmake[1]: Entering directory '/home/anjan/github.com/osxcross/build/llvm-3.9.1.src/build_stage1/CMakeFiles/CMakeTmp'
Building C object CMakeFiles/cmTC_38dd9.dir/CheckSymbolExists.c.o
/usr/lib64/ccache/gcc    -o CMakeFiles/cmTC_38dd9.dir/CheckSymbolExists.c.o   -c /home/anjan/github.com/osxcross/build/llvm-3.9.1.src/build_stage1/CMakeFiles/CMakeTmp/CheckSymbolExists.c
/home/anjan/github.com/osxcross/build/llvm-3.9.1.src/build_stage1/CMakeFiles/CMakeTmp/CheckSymbolExists.c: In function 'main':
/home/anjan/github.com/osxcross/build/llvm-3.9.1.src/build_stage1/CMakeFiles/CMakeTmp/CheckSymbolExists.c:8:19: error: 'arc4random' undeclared (first use in this function); did you mean 'srandom'?
   return ((int*)(&arc4random))[argc];
                   ^~~~~~~~~~
                   srandom
/home/anjan/github.com/osxcross/build/llvm-3.9.1.src/build_stage1/CMakeFiles/CMakeTmp/CheckSymbolExists.c:8:19: note: each undeclared identifier is reported only once for each function it appears in
gmake[1]: *** [CMakeFiles/cmTC_38dd9.dir/build.make:66: CMakeFiles/cmTC_38dd9.dir/CheckSymbolExists.c.o] Error 1
gmake[1]: Leaving directory '/home/anjan/github.com/osxcross/build/llvm-3.9.1.src/build_stage1/CMakeFiles/CMakeTmp'
gmake: *** [Makefile:126: cmTC_38dd9/fast] Error 2

File /home/anjan/github.com/osxcross/build/llvm-3.9.1.src/build_stage1/CMakeFiles/CMakeTmp/CheckSymbolExists.c:
/* */
#include <stdlib.h>

int main(int argc, char** argv)
{
  (void)argv;
#ifndef arc4random
  return ((int*)(&arc4random))[argc];
#else
  (void)argc;
  return 0;
#endif
}

Determining if the mallctl exist failed with the following output:
Change Dir: /home/anjan/github.com/osxcross/build/llvm-3.9.1.src/build_stage1/CMakeFiles/CMakeTmp

Run Build Command:"/usr/bin/gmake" "cmTC_70534/fast"
/usr/bin/gmake -f CMakeFiles/cmTC_70534.dir/build.make CMakeFiles/cmTC_70534.dir/build
gmake[1]: Entering directory '/home/anjan/github.com/osxcross/build/llvm-3.9.1.src/build_stage1/CMakeFiles/CMakeTmp'
Building C object CMakeFiles/cmTC_70534.dir/CheckSymbolExists.c.o
/usr/lib64/ccache/gcc    -o CMakeFiles/cmTC_70534.dir/CheckSymbolExists.c.o   -c /home/anjan/github.com/osxcross/build/llvm-3.9.1.src/build_stage1/CMakeFiles/CMakeTmp/CheckSymbolExists.c
/home/anjan/github.com/osxcross/build/llvm-3.9.1.src/build_stage1/CMakeFiles/CMakeTmp/CheckSymbolExists.c:2:10: fatal error: malloc_np.h: No such file or directory
 #include <malloc_np.h>
          ^~~~~~~~~~~~~
compilation terminated.
gmake[1]: *** [CMakeFiles/cmTC_70534.dir/build.make:66: CMakeFiles/cmTC_70534.dir/CheckSymbolExists.c.o] Error 1
gmake[1]: Leaving directory '/home/anjan/github.com/osxcross/build/llvm-3.9.1.src/build_stage1/CMakeFiles/CMakeTmp'
gmake: *** [Makefile:126: cmTC_70534/fast] Error 2

File /home/anjan/github.com/osxcross/build/llvm-3.9.1.src/build_stage1/CMakeFiles/CMakeTmp/CheckSymbolExists.c:
/* */
#include <malloc_np.h>

int main(int argc, char** argv)
{
  (void)argv;
#ifndef mallctl
  return ((int*)(&mallctl))[argc];
#else
  (void)argc;
  return 0;
#endif
}

Determining if the malloc_zone_statistics exist failed with the following output:
Change Dir: /home/anjan/github.com/osxcross/build/llvm-3.9.1.src/build_stage1/CMakeFiles/CMakeTmp

Run Build Command:"/usr/bin/gmake" "cmTC_528e9/fast"
/usr/bin/gmake -f CMakeFiles/cmTC_528e9.dir/build.make CMakeFiles/cmTC_528e9.dir/build
gmake[1]: Entering directory '/home/anjan/github.com/osxcross/build/llvm-3.9.1.src/build_stage1/CMakeFiles/CMakeTmp'
Building C object CMakeFiles/cmTC_528e9.dir/CheckSymbolExists.c.o
/usr/lib64/ccache/gcc    -o CMakeFiles/cmTC_528e9.dir/CheckSymbolExists.c.o   -c /home/anjan/github.com/osxcross/build/llvm-3.9.1.src/build_stage1/CMakeFiles/CMakeTmp/CheckSymbolExists.c
/home/anjan/github.com/osxcross/build/llvm-3.9.1.src/build_stage1/CMakeFiles/CMakeTmp/CheckSymbolExists.c:2:10: fatal error: malloc/malloc.h: No such file or directory
 #include <malloc/malloc.h>
          ^~~~~~~~~~~~~~~~~
compilation terminated.
gmake[1]: *** [CMakeFiles/cmTC_528e9.dir/build.make:66: CMakeFiles/cmTC_528e9.dir/CheckSymbolExists.c.o] Error 1
gmake[1]: Leaving directory '/home/anjan/github.com/osxcross/build/llvm-3.9.1.src/build_stage1/CMakeFiles/CMakeTmp'
gmake: *** [Makefile:126: cmTC_528e9/fast] Error 2

File /home/anjan/github.com/osxcross/build/llvm-3.9.1.src/build_stage1/CMakeFiles/CMakeTmp/CheckSymbolExists.c:
/* */
#include <malloc/malloc.h>

int main(int argc, char** argv)
{
  (void)argv;
#ifndef malloc_zone_statistics
  return ((int*)(&malloc_zone_statistics))[argc];
#else
  (void)argc;
  return 0;
#endif
}

Determining if the strerror_s exist failed with the following output:
Change Dir: /home/anjan/github.com/osxcross/build/llvm-3.9.1.src/build_stage1/CMakeFiles/CMakeTmp

Run Build Command:"/usr/bin/gmake" "cmTC_0d96e/fast"
/usr/bin/gmake -f CMakeFiles/cmTC_0d96e.dir/build.make CMakeFiles/cmTC_0d96e.dir/build
gmake[1]: Entering directory '/home/anjan/github.com/osxcross/build/llvm-3.9.1.src/build_stage1/CMakeFiles/CMakeTmp'
Building C object CMakeFiles/cmTC_0d96e.dir/CheckSymbolExists.c.o
/usr/lib64/ccache/gcc    -o CMakeFiles/cmTC_0d96e.dir/CheckSymbolExists.c.o   -c /home/anjan/github.com/osxcross/build/llvm-3.9.1.src/build_stage1/CMakeFiles/CMakeTmp/CheckSymbolExists.c
/home/anjan/github.com/osxcross/build/llvm-3.9.1.src/build_stage1/CMakeFiles/CMakeTmp/CheckSymbolExists.c: In function 'main':
/home/anjan/github.com/osxcross/build/llvm-3.9.1.src/build_stage1/CMakeFiles/CMakeTmp/CheckSymbolExists.c:8:19: error: 'strerror_s' undeclared (first use in this function); did you mean 'strerror_l'?
   return ((int*)(&strerror_s))[argc];
                   ^~~~~~~~~~
                   strerror_l
/home/anjan/github.com/osxcross/build/llvm-3.9.1.src/build_stage1/CMakeFiles/CMakeTmp/CheckSymbolExists.c:8:19: note: each undeclared identifier is reported only once for each function it appears in
gmake[1]: *** [CMakeFiles/cmTC_0d96e.dir/build.make:66: CMakeFiles/cmTC_0d96e.dir/CheckSymbolExists.c.o] Error 1
gmake[1]: Leaving directory '/home/anjan/github.com/osxcross/build/llvm-3.9.1.src/build_stage1/CMakeFiles/CMakeTmp'
gmake: *** [Makefile:126: cmTC_0d96e/fast] Error 2

File /home/anjan/github.com/osxcross/build/llvm-3.9.1.src/build_stage1/CMakeFiles/CMakeTmp/CheckSymbolExists.c:
/* */
#include <string.h>

int main(int argc, char** argv)
{
  (void)argv;
#ifndef strerror_s
  return ((int*)(&strerror_s))[argc];
#else
  (void)argc;
  return 0;
#endif
}

Performing C SOURCE FILE Test C_SUPPORTS_COVERED_SWITCH_DEFAULT_FLAG failed with the following output:
Change Dir: /home/anjan/github.com/osxcross/build/llvm-3.9.1.src/build_stage1/CMakeFiles/CMakeTmp

Run Build Command:"/usr/bin/gmake" "cmTC_cddc0/fast"
/usr/bin/gmake -f CMakeFiles/cmTC_cddc0.dir/build.make CMakeFiles/cmTC_cddc0.dir/build
gmake[1]: Entering directory '/home/anjan/github.com/osxcross/build/llvm-3.9.1.src/build_stage1/CMakeFiles/CMakeTmp'
Building C object CMakeFiles/cmTC_cddc0.dir/src.c.o
/usr/lib64/ccache/gcc   -fPIC -Wall -W -Wno-unused-parameter -Wwrite-strings -Wno-missing-field-initializers -pedantic -Wno-long-long -DC_SUPPORTS_COVERED_SWITCH_DEFAULT_FLAG   -Werror -Wcovered-switch-default -o CMakeFiles/cmTC_cddc0.dir/src.c.o   -c /home/anjan/github.com/osxcross/build/llvm-3.9.1.src/build_stage1/CMakeFiles/CMakeTmp/src.c
gcc: error: unrecognized command line option '-Wcovered-switch-default'; did you mean '-Wno-switch-default'?
gmake[1]: *** [CMakeFiles/cmTC_cddc0.dir/build.make:66: CMakeFiles/cmTC_cddc0.dir/src.c.o] Error 1
gmake[1]: Leaving directory '/home/anjan/github.com/osxcross/build/llvm-3.9.1.src/build_stage1/CMakeFiles/CMakeTmp'
gmake: *** [Makefile:126: cmTC_cddc0/fast] Error 2

Source file was:
int main(void) { return 0; }
Performing C++ SOURCE FILE Test CXX_SUPPORTS_COVERED_SWITCH_DEFAULT_FLAG failed with the following output:
Change Dir: /home/anjan/github.com/osxcross/build/llvm-3.9.1.src/build_stage1/CMakeFiles/CMakeTmp

Run Build Command:"/usr/bin/gmake" "cmTC_53e09/fast"
/usr/bin/gmake -f CMakeFiles/cmTC_53e09.dir/build.make CMakeFiles/cmTC_53e09.dir/build
gmake[1]: Entering directory '/home/anjan/github.com/osxcross/build/llvm-3.9.1.src/build_stage1/CMakeFiles/CMakeTmp'
Building CXX object CMakeFiles/cmTC_53e09.dir/src.cxx.o
/usr/lib64/ccache/g++    -fPIC -fvisibility-inlines-hidden -Wall -W -Wno-unused-parameter -Wwrite-strings -Wcast-qual -Wno-missing-field-initializers -pedantic -Wno-long-long -DCXX_SUPPORTS_COVERED_SWITCH_DEFAULT_FLAG   -Werror -Wcovered-switch-default -o CMakeFiles/cmTC_53e09.dir/src.cxx.o -c /home/anjan/github.com/osxcross/build/llvm-3.9.1.src/build_stage1/CMakeFiles/CMakeTmp/src.cxx
g++: error: unrecognized command line option '-Wcovered-switch-default'; did you mean '-Wno-switch-default'?
gmake[1]: *** [CMakeFiles/cmTC_53e09.dir/build.make:66: CMakeFiles/cmTC_53e09.dir/src.cxx.o] Error 1
gmake[1]: Leaving directory '/home/anjan/github.com/osxcross/build/llvm-3.9.1.src/build_stage1/CMakeFiles/CMakeTmp'
gmake: *** [Makefile:126: cmTC_53e09/fast] Error 2

Source file was:
int main() { return 0; }
Performing C SOURCE FILE Test C_SUPPORTS_DELETE_NON_VIRTUAL_DTOR_FLAG failed with the following output:
Change Dir: /home/anjan/github.com/osxcross/build/llvm-3.9.1.src/build_stage1/CMakeFiles/CMakeTmp

Run Build Command:"/usr/bin/gmake" "cmTC_d2522/fast"
/usr/bin/gmake -f CMakeFiles/cmTC_d2522.dir/build.make CMakeFiles/cmTC_d2522.dir/build
gmake[1]: Entering directory '/home/anjan/github.com/osxcross/build/llvm-3.9.1.src/build_stage1/CMakeFiles/CMakeTmp'
Building C object CMakeFiles/cmTC_d2522.dir/src.c.o
/usr/lib64/ccache/gcc   -fPIC -Wall -W -Wno-unused-parameter -Wwrite-strings -Wno-missing-field-initializers -pedantic -Wno-long-long -DC_SUPPORTS_DELETE_NON_VIRTUAL_DTOR_FLAG   -Werror -Wdelete-non-virtual-dtor -o CMakeFiles/cmTC_d2522.dir/src.c.o   -c /home/anjan/github.com/osxcross/build/llvm-3.9.1.src/build_stage1/CMakeFiles/CMakeTmp/src.c
cc1: error: command line option '-Wdelete-non-virtual-dtor' is valid for C++/ObjC++ but not for C [-Werror]
cc1: all warnings being treated as errors
gmake[1]: *** [CMakeFiles/cmTC_d2522.dir/build.make:66: CMakeFiles/cmTC_d2522.dir/src.c.o] Error 1
gmake[1]: Leaving directory '/home/anjan/github.com/osxcross/build/llvm-3.9.1.src/build_stage1/CMakeFiles/CMakeTmp'
gmake: *** [Makefile:126: cmTC_d2522/fast] Error 2

Source file was:
int main(void) { return 0; }
Performing C SOURCE FILE Test C_WCOMMENT_ALLOWS_LINE_WRAP failed with the following output:
Change Dir: /home/anjan/github.com/osxcross/build/llvm-3.9.1.src/build_stage1/CMakeFiles/CMakeTmp

Run Build Command:"/usr/bin/gmake" "cmTC_a2353/fast"
/usr/bin/gmake -f CMakeFiles/cmTC_a2353.dir/build.make CMakeFiles/cmTC_a2353.dir/build
gmake[1]: Entering directory '/home/anjan/github.com/osxcross/build/llvm-3.9.1.src/build_stage1/CMakeFiles/CMakeTmp'
Building C object CMakeFiles/cmTC_a2353.dir/src.c.o
/usr/lib64/ccache/gcc   -fPIC -Wall -W -Wno-unused-parameter -Wwrite-strings -Wno-missing-field-initializers -pedantic -Wno-long-long -DC_WCOMMENT_ALLOWS_LINE_WRAP  -Werror -Wcomment   -o CMakeFiles/cmTC_a2353.dir/src.c.o   -c /home/anjan/github.com/osxcross/build/llvm-3.9.1.src/build_stage1/CMakeFiles/CMakeTmp/src.c
/home/anjan/github.com/osxcross/build/llvm-3.9.1.src/build_stage1/CMakeFiles/CMakeTmp/src.c:1:1: error: multi-line comment [-Werror=comment]
 // \
 ^
cc1: all warnings being treated as errors
gmake[1]: *** [CMakeFiles/cmTC_a2353.dir/build.make:66: CMakeFiles/cmTC_a2353.dir/src.c.o] Error 1
gmake[1]: Leaving directory '/home/anjan/github.com/osxcross/build/llvm-3.9.1.src/build_stage1/CMakeFiles/CMakeTmp'
gmake: *** [Makefile:126: cmTC_a2353/fast] Error 2

Source file was:
// \
//
int main() {return 0;}
Performing C++ SOURCE FILE Test CXX_SUPPORTS_NO_NESTED_ANON_TYPES_FLAG failed with the following output:
Change Dir: /home/anjan/github.com/osxcross/build/llvm-3.9.1.src/build_stage1/CMakeFiles/CMakeTmp

Run Build Command:"/usr/bin/gmake" "cmTC_51bbf/fast"
/usr/bin/gmake -f CMakeFiles/cmTC_51bbf.dir/build.make CMakeFiles/cmTC_51bbf.dir/build
gmake[1]: Entering directory '/home/anjan/github.com/osxcross/build/llvm-3.9.1.src/build_stage1/CMakeFiles/CMakeTmp'
Building CXX object CMakeFiles/cmTC_51bbf.dir/src.cxx.o
/usr/lib64/ccache/g++    -fPIC -fvisibility-inlines-hidden -Wall -W -Wno-unused-parameter -Wwrite-strings -Wcast-qual -Wno-missing-field-initializers -pedantic -Wno-long-long -Wno-maybe-uninitialized -Wdelete-non-virtual-dtor -Wno-comment -Werror=date-time -std=c++11 -ffunction-sections -fdata-sections -fno-common -Woverloaded-virtual -fno-strict-aliasing -DCXX_SUPPORTS_NO_NESTED_ANON_TYPES_FLAG   -Werror -Wnested-anon-types -o CMakeFiles/cmTC_51bbf.dir/src.cxx.o -c /home/anjan/github.com/osxcross/build/llvm-3.9.1.src/build_stage1/CMakeFiles/CMakeTmp/src.cxx
g++: error: unrecognized command line option '-Wnested-anon-types'; did you mean '-Wnested-externs'?
gmake[1]: *** [CMakeFiles/cmTC_51bbf.dir/build.make:66: CMakeFiles/cmTC_51bbf.dir/src.cxx.o] Error 1
gmake[1]: Leaving directory '/home/anjan/github.com/osxcross/build/llvm-3.9.1.src/build_stage1/CMakeFiles/CMakeTmp'
gmake: *** [Makefile:126: cmTC_51bbf/fast] Error 2

Source file was:
int main() { return 0; }
