Determining if the include file malloc/malloc.h exists failed with the following output:
Change Dir: /home/anjan/github.com/osxcross/build/llvm-3.9.1.src/build_stage2/CMakeFiles/CMakeTmp

Run Build Command:"/usr/bin/gmake" "cmTC_daeef/fast"
/usr/bin/gmake -f CMakeFiles/cmTC_daeef.dir/build.make CMakeFiles/cmTC_daeef.dir/build
gmake[1]: Entering directory '/home/anjan/github.com/osxcross/build/llvm-3.9.1.src/build_stage2/CMakeFiles/CMakeTmp'
Building C object CMakeFiles/cmTC_daeef.dir/CheckIncludeFile.c.o
/home/anjan/github.com/osxcross/build/llvm-3.9.1.src/build_stage1/bin/clang   -march=native    -o CMakeFiles/cmTC_daeef.dir/CheckIncludeFile.c.o   -c /home/anjan/github.com/osxcross/build/llvm-3.9.1.src/build_stage2/CMakeFiles/CMakeTmp/CheckIncludeFile.c
/home/anjan/github.com/osxcross/build/llvm-3.9.1.src/build_stage2/CMakeFiles/CMakeTmp/CheckIncludeFile.c:1:10: fatal error: 'malloc/malloc.h' file not found
#include <malloc/malloc.h>
         ^
1 error generated.
gmake[1]: *** [CMakeFiles/cmTC_daeef.dir/build.make:66: CMakeFiles/cmTC_daeef.dir/CheckIncludeFile.c.o] Error 1
gmake[1]: Leaving directory '/home/anjan/github.com/osxcross/build/llvm-3.9.1.src/build_stage2/CMakeFiles/CMakeTmp'
gmake: *** [Makefile:126: cmTC_daeef/fast] Error 2


Determining if the include file ndir.h exists failed with the following output:
Change Dir: /home/anjan/github.com/osxcross/build/llvm-3.9.1.src/build_stage2/CMakeFiles/CMakeTmp

Run Build Command:"/usr/bin/gmake" "cmTC_aed90/fast"
/usr/bin/gmake -f CMakeFiles/cmTC_aed90.dir/build.make CMakeFiles/cmTC_aed90.dir/build
gmake[1]: Entering directory '/home/anjan/github.com/osxcross/build/llvm-3.9.1.src/build_stage2/CMakeFiles/CMakeTmp'
Building C object CMakeFiles/cmTC_aed90.dir/CheckIncludeFile.c.o
/home/anjan/github.com/osxcross/build/llvm-3.9.1.src/build_stage1/bin/clang   -march=native    -o CMakeFiles/cmTC_aed90.dir/CheckIncludeFile.c.o   -c /home/anjan/github.com/osxcross/build/llvm-3.9.1.src/build_stage2/CMakeFiles/CMakeTmp/CheckIncludeFile.c
/home/anjan/github.com/osxcross/build/llvm-3.9.1.src/build_stage2/CMakeFiles/CMakeTmp/CheckIncludeFile.c:1:10: fatal error: 'ndir.h' file not found
#include <ndir.h>
         ^
1 error generated.
gmake[1]: *** [CMakeFiles/cmTC_aed90.dir/build.make:66: CMakeFiles/cmTC_aed90.dir/CheckIncludeFile.c.o] Error 1
gmake[1]: Leaving directory '/home/anjan/github.com/osxcross/build/llvm-3.9.1.src/build_stage2/CMakeFiles/CMakeTmp'
gmake: *** [Makefile:126: cmTC_aed90/fast] Error 2


Determining if the include file sys/ndir.h exists failed with the following output:
Change Dir: /home/anjan/github.com/osxcross/build/llvm-3.9.1.src/build_stage2/CMakeFiles/CMakeTmp

Run Build Command:"/usr/bin/gmake" "cmTC_83c8f/fast"
/usr/bin/gmake -f CMakeFiles/cmTC_83c8f.dir/build.make CMakeFiles/cmTC_83c8f.dir/build
gmake[1]: Entering directory '/home/anjan/github.com/osxcross/build/llvm-3.9.1.src/build_stage2/CMakeFiles/CMakeTmp'
Building C object CMakeFiles/cmTC_83c8f.dir/CheckIncludeFile.c.o
/home/anjan/github.com/osxcross/build/llvm-3.9.1.src/build_stage1/bin/clang   -march=native    -o CMakeFiles/cmTC_83c8f.dir/CheckIncludeFile.c.o   -c /home/anjan/github.com/osxcross/build/llvm-3.9.1.src/build_stage2/CMakeFiles/CMakeTmp/CheckIncludeFile.c
/home/anjan/github.com/osxcross/build/llvm-3.9.1.src/build_stage2/CMakeFiles/CMakeTmp/CheckIncludeFile.c:1:10: fatal error: 'sys/ndir.h' file not found
#include <sys/ndir.h>
         ^
1 error generated.
gmake[1]: *** [CMakeFiles/cmTC_83c8f.dir/build.make:66: CMakeFiles/cmTC_83c8f.dir/CheckIncludeFile.c.o] Error 1
gmake[1]: Leaving directory '/home/anjan/github.com/osxcross/build/llvm-3.9.1.src/build_stage2/CMakeFiles/CMakeTmp'
gmake: *** [Makefile:126: cmTC_83c8f/fast] Error 2


Determining if the include file valgrind/valgrind.h exists failed with the following output:
Change Dir: /home/anjan/github.com/osxcross/build/llvm-3.9.1.src/build_stage2/CMakeFiles/CMakeTmp

Run Build Command:"/usr/bin/gmake" "cmTC_677be/fast"
/usr/bin/gmake -f CMakeFiles/cmTC_677be.dir/build.make CMakeFiles/cmTC_677be.dir/build
gmake[1]: Entering directory '/home/anjan/github.com/osxcross/build/llvm-3.9.1.src/build_stage2/CMakeFiles/CMakeTmp'
Building C object CMakeFiles/cmTC_677be.dir/CheckIncludeFile.c.o
/home/anjan/github.com/osxcross/build/llvm-3.9.1.src/build_stage1/bin/clang   -march=native    -o CMakeFiles/cmTC_677be.dir/CheckIncludeFile.c.o   -c /home/anjan/github.com/osxcross/build/llvm-3.9.1.src/build_stage2/CMakeFiles/CMakeTmp/CheckIncludeFile.c
/home/anjan/github.com/osxcross/build/llvm-3.9.1.src/build_stage2/CMakeFiles/CMakeTmp/CheckIncludeFile.c:1:10: fatal error: 'valgrind/valgrind.h' file not found
#include <valgrind/valgrind.h>
         ^
1 error generated.
gmake[1]: *** [CMakeFiles/cmTC_677be.dir/build.make:66: CMakeFiles/cmTC_677be.dir/CheckIncludeFile.c.o] Error 1
gmake[1]: Leaving directory '/home/anjan/github.com/osxcross/build/llvm-3.9.1.src/build_stage2/CMakeFiles/CMakeTmp'
gmake: *** [Makefile:126: cmTC_677be/fast] Error 2


Determining if the include file mach/mach.h exists failed with the following output:
Change Dir: /home/anjan/github.com/osxcross/build/llvm-3.9.1.src/build_stage2/CMakeFiles/CMakeTmp

Run Build Command:"/usr/bin/gmake" "cmTC_d8e9c/fast"
/usr/bin/gmake -f CMakeFiles/cmTC_d8e9c.dir/build.make CMakeFiles/cmTC_d8e9c.dir/build
gmake[1]: Entering directory '/home/anjan/github.com/osxcross/build/llvm-3.9.1.src/build_stage2/CMakeFiles/CMakeTmp'
Building C object CMakeFiles/cmTC_d8e9c.dir/CheckIncludeFile.c.o
/home/anjan/github.com/osxcross/build/llvm-3.9.1.src/build_stage1/bin/clang   -march=native    -o CMakeFiles/cmTC_d8e9c.dir/CheckIncludeFile.c.o   -c /home/anjan/github.com/osxcross/build/llvm-3.9.1.src/build_stage2/CMakeFiles/CMakeTmp/CheckIncludeFile.c
/home/anjan/github.com/osxcross/build/llvm-3.9.1.src/build_stage2/CMakeFiles/CMakeTmp/CheckIncludeFile.c:1:10: fatal error: 'mach/mach.h' file not found
#include <mach/mach.h>
         ^
1 error generated.
gmake[1]: *** [CMakeFiles/cmTC_d8e9c.dir/build.make:66: CMakeFiles/cmTC_d8e9c.dir/CheckIncludeFile.c.o] Error 1
gmake[1]: Leaving directory '/home/anjan/github.com/osxcross/build/llvm-3.9.1.src/build_stage2/CMakeFiles/CMakeTmp'
gmake: *** [Makefile:126: cmTC_d8e9c/fast] Error 2


Determining if the include file mach-o/dyld.h exists failed with the following output:
Change Dir: /home/anjan/github.com/osxcross/build/llvm-3.9.1.src/build_stage2/CMakeFiles/CMakeTmp

Run Build Command:"/usr/bin/gmake" "cmTC_a9b0f/fast"
/usr/bin/gmake -f CMakeFiles/cmTC_a9b0f.dir/build.make CMakeFiles/cmTC_a9b0f.dir/build
gmake[1]: Entering directory '/home/anjan/github.com/osxcross/build/llvm-3.9.1.src/build_stage2/CMakeFiles/CMakeTmp'
Building C object CMakeFiles/cmTC_a9b0f.dir/CheckIncludeFile.c.o
/home/anjan/github.com/osxcross/build/llvm-3.9.1.src/build_stage1/bin/clang   -march=native    -o CMakeFiles/cmTC_a9b0f.dir/CheckIncludeFile.c.o   -c /home/anjan/github.com/osxcross/build/llvm-3.9.1.src/build_stage2/CMakeFiles/CMakeTmp/CheckIncludeFile.c
/home/anjan/github.com/osxcross/build/llvm-3.9.1.src/build_stage2/CMakeFiles/CMakeTmp/CheckIncludeFile.c:1:10: fatal error: 'mach-o/dyld.h' file not found
#include <mach-o/dyld.h>
         ^
1 error generated.
gmake[1]: *** [CMakeFiles/cmTC_a9b0f.dir/build.make:66: CMakeFiles/cmTC_a9b0f.dir/CheckIncludeFile.c.o] Error 1
gmake[1]: Leaving directory '/home/anjan/github.com/osxcross/build/llvm-3.9.1.src/build_stage2/CMakeFiles/CMakeTmp'
gmake: *** [Makefile:126: cmTC_a9b0f/fast] Error 2


Determining if the include file histedit.h exists failed with the following output:
Change Dir: /home/anjan/github.com/osxcross/build/llvm-3.9.1.src/build_stage2/CMakeFiles/CMakeTmp

Run Build Command:"/usr/bin/gmake" "cmTC_78d2d/fast"
/usr/bin/gmake -f CMakeFiles/cmTC_78d2d.dir/build.make CMakeFiles/cmTC_78d2d.dir/build
gmake[1]: Entering directory '/home/anjan/github.com/osxcross/build/llvm-3.9.1.src/build_stage2/CMakeFiles/CMakeTmp'
Building C object CMakeFiles/cmTC_78d2d.dir/CheckIncludeFile.c.o
/home/anjan/github.com/osxcross/build/llvm-3.9.1.src/build_stage1/bin/clang   -march=native    -o CMakeFiles/cmTC_78d2d.dir/CheckIncludeFile.c.o   -c /home/anjan/github.com/osxcross/build/llvm-3.9.1.src/build_stage2/CMakeFiles/CMakeTmp/CheckIncludeFile.c
/home/anjan/github.com/osxcross/build/llvm-3.9.1.src/build_stage2/CMakeFiles/CMakeTmp/CheckIncludeFile.c:1:10: fatal error: 'histedit.h' file not found
#include <histedit.h>
         ^
1 error generated.
gmake[1]: *** [CMakeFiles/cmTC_78d2d.dir/build.make:66: CMakeFiles/cmTC_78d2d.dir/CheckIncludeFile.c.o] Error 1
gmake[1]: Leaving directory '/home/anjan/github.com/osxcross/build/llvm-3.9.1.src/build_stage2/CMakeFiles/CMakeTmp'
gmake: *** [Makefile:126: cmTC_78d2d/fast] Error 2


Determining if the pthread_create exist failed with the following output:
Change Dir: /home/anjan/github.com/osxcross/build/llvm-3.9.1.src/build_stage2/CMakeFiles/CMakeTmp

Run Build Command:"/usr/bin/gmake" "cmTC_f8f2f/fast"
/usr/bin/gmake -f CMakeFiles/cmTC_f8f2f.dir/build.make CMakeFiles/cmTC_f8f2f.dir/build
gmake[1]: Entering directory '/home/anjan/github.com/osxcross/build/llvm-3.9.1.src/build_stage2/CMakeFiles/CMakeTmp'
Building C object CMakeFiles/cmTC_f8f2f.dir/CheckSymbolExists.c.o
/home/anjan/github.com/osxcross/build/llvm-3.9.1.src/build_stage1/bin/clang   -march=native    -o CMakeFiles/cmTC_f8f2f.dir/CheckSymbolExists.c.o   -c /home/anjan/github.com/osxcross/build/llvm-3.9.1.src/build_stage2/CMakeFiles/CMakeTmp/CheckSymbolExists.c
Linking C executable cmTC_f8f2f
/usr/bin/cmake -E cmake_link_script CMakeFiles/cmTC_f8f2f.dir/link.txt --verbose=1
/home/anjan/github.com/osxcross/build/llvm-3.9.1.src/build_stage1/bin/clang -march=native     CMakeFiles/cmTC_f8f2f.dir/CheckSymbolExists.c.o  -o cmTC_f8f2f -lm 
CMakeFiles/cmTC_f8f2f.dir/CheckSymbolExists.c.o: In function `main':
/home/anjan/github.com/osxcross/build/llvm-3.9.1.src/build_stage2/CMakeFiles/CMakeTmp/CheckSymbolExists.c:(.text+0x19): undefined reference to `pthread_create'
clang-3.9: error: linker command failed with exit code 1 (use -v to see invocation)
gmake[1]: *** [CMakeFiles/cmTC_f8f2f.dir/build.make:87: cmTC_f8f2f] Error 1
gmake[1]: Leaving directory '/home/anjan/github.com/osxcross/build/llvm-3.9.1.src/build_stage2/CMakeFiles/CMakeTmp'
gmake: *** [Makefile:126: cmTC_f8f2f/fast] Error 2

File /home/anjan/github.com/osxcross/build/llvm-3.9.1.src/build_stage2/CMakeFiles/CMakeTmp/CheckSymbolExists.c:
/* */
#include <pthread.h>

int main(int argc, char** argv)
{
  (void)argv;
#ifndef pthread_create
  return ((int*)(&pthread_create))[argc];
#else
  (void)argc;
  return 0;
#endif
}

Determining if the function pthread_create exists in the pthreads failed with the following output:
Change Dir: /home/anjan/github.com/osxcross/build/llvm-3.9.1.src/build_stage2/CMakeFiles/CMakeTmp

Run Build Command:"/usr/bin/gmake" "cmTC_2911d/fast"
/usr/bin/gmake -f CMakeFiles/cmTC_2911d.dir/build.make CMakeFiles/cmTC_2911d.dir/build
gmake[1]: Entering directory '/home/anjan/github.com/osxcross/build/llvm-3.9.1.src/build_stage2/CMakeFiles/CMakeTmp'
Building C object CMakeFiles/cmTC_2911d.dir/CheckFunctionExists.c.o
/home/anjan/github.com/osxcross/build/llvm-3.9.1.src/build_stage1/bin/clang   -march=native -DCHECK_FUNCTION_EXISTS=pthread_create   -o CMakeFiles/cmTC_2911d.dir/CheckFunctionExists.c.o   -c /usr/share/cmake/Modules/CheckFunctionExists.c
Linking C executable cmTC_2911d
/usr/bin/cmake -E cmake_link_script CMakeFiles/cmTC_2911d.dir/link.txt --verbose=1
/home/anjan/github.com/osxcross/build/llvm-3.9.1.src/build_stage1/bin/clang -march=native -DCHECK_FUNCTION_EXISTS=pthread_create    CMakeFiles/cmTC_2911d.dir/CheckFunctionExists.c.o  -o cmTC_2911d -lpthreads -lm 
/usr/bin/ld: cannot find -lpthreads
clang-3.9: error: linker command failed with exit code 1 (use -v to see invocation)
gmake[1]: *** [CMakeFiles/cmTC_2911d.dir/build.make:87: cmTC_2911d] Error 1
gmake[1]: Leaving directory '/home/anjan/github.com/osxcross/build/llvm-3.9.1.src/build_stage2/CMakeFiles/CMakeTmp'
gmake: *** [Makefile:126: cmTC_2911d/fast] Error 2


Determining if the function xar_open exists in the xar failed with the following output:
Change Dir: /home/anjan/github.com/osxcross/build/llvm-3.9.1.src/build_stage2/CMakeFiles/CMakeTmp

Run Build Command:"/usr/bin/gmake" "cmTC_04d1a/fast"
/usr/bin/gmake -f CMakeFiles/cmTC_04d1a.dir/build.make CMakeFiles/cmTC_04d1a.dir/build
gmake[1]: Entering directory '/home/anjan/github.com/osxcross/build/llvm-3.9.1.src/build_stage2/CMakeFiles/CMakeTmp'
Building C object CMakeFiles/cmTC_04d1a.dir/CheckFunctionExists.c.o
/home/anjan/github.com/osxcross/build/llvm-3.9.1.src/build_stage1/bin/clang   -march=native -DCHECK_FUNCTION_EXISTS=xar_open   -o CMakeFiles/cmTC_04d1a.dir/CheckFunctionExists.c.o   -c /usr/share/cmake/Modules/CheckFunctionExists.c
Linking C executable cmTC_04d1a
/usr/bin/cmake -E cmake_link_script CMakeFiles/cmTC_04d1a.dir/link.txt --verbose=1
/home/anjan/github.com/osxcross/build/llvm-3.9.1.src/build_stage1/bin/clang -march=native -DCHECK_FUNCTION_EXISTS=xar_open    CMakeFiles/cmTC_04d1a.dir/CheckFunctionExists.c.o  -o cmTC_04d1a -lxar -lm 
/usr/bin/ld: cannot find -lxar
clang-3.9: error: linker command failed with exit code 1 (use -v to see invocation)
gmake[1]: *** [CMakeFiles/cmTC_04d1a.dir/build.make:87: cmTC_04d1a] Error 1
gmake[1]: Leaving directory '/home/anjan/github.com/osxcross/build/llvm-3.9.1.src/build_stage2/CMakeFiles/CMakeTmp'
gmake: *** [Makefile:126: cmTC_04d1a/fast] Error 2


Determining if the arc4random exist failed with the following output:
Change Dir: /home/anjan/github.com/osxcross/build/llvm-3.9.1.src/build_stage2/CMakeFiles/CMakeTmp

Run Build Command:"/usr/bin/gmake" "cmTC_bf8de/fast"
/usr/bin/gmake -f CMakeFiles/cmTC_bf8de.dir/build.make CMakeFiles/cmTC_bf8de.dir/build
gmake[1]: Entering directory '/home/anjan/github.com/osxcross/build/llvm-3.9.1.src/build_stage2/CMakeFiles/CMakeTmp'
Building C object CMakeFiles/cmTC_bf8de.dir/CheckSymbolExists.c.o
/home/anjan/github.com/osxcross/build/llvm-3.9.1.src/build_stage1/bin/clang   -march=native    -o CMakeFiles/cmTC_bf8de.dir/CheckSymbolExists.c.o   -c /home/anjan/github.com/osxcross/build/llvm-3.9.1.src/build_stage2/CMakeFiles/CMakeTmp/CheckSymbolExists.c
/home/anjan/github.com/osxcross/build/llvm-3.9.1.src/build_stage2/CMakeFiles/CMakeTmp/CheckSymbolExists.c:8:19: error: use of undeclared identifier 'arc4random'; did you mean 'srandom'?
  return ((int*)(&arc4random))[argc];
                  ^~~~~~~~~~
                  srandom
/usr/include/stdlib.h:289:13: note: 'srandom' declared here
extern void srandom (unsigned int __seed) __THROW;
            ^
1 error generated.
gmake[1]: *** [CMakeFiles/cmTC_bf8de.dir/build.make:66: CMakeFiles/cmTC_bf8de.dir/CheckSymbolExists.c.o] Error 1
gmake[1]: Leaving directory '/home/anjan/github.com/osxcross/build/llvm-3.9.1.src/build_stage2/CMakeFiles/CMakeTmp'
gmake: *** [Makefile:126: cmTC_bf8de/fast] Error 2

File /home/anjan/github.com/osxcross/build/llvm-3.9.1.src/build_stage2/CMakeFiles/CMakeTmp/CheckSymbolExists.c:
/* */
#include <stdlib.h>

int main(int argc, char** argv)
{
  (void)argv;
#ifndef arc4random
  return ((int*)(&arc4random))[argc];
#else
  (void)argc;
  return 0;
#endif
}

Determining if the mallctl exist failed with the following output:
Change Dir: /home/anjan/github.com/osxcross/build/llvm-3.9.1.src/build_stage2/CMakeFiles/CMakeTmp

Run Build Command:"/usr/bin/gmake" "cmTC_70721/fast"
/usr/bin/gmake -f CMakeFiles/cmTC_70721.dir/build.make CMakeFiles/cmTC_70721.dir/build
gmake[1]: Entering directory '/home/anjan/github.com/osxcross/build/llvm-3.9.1.src/build_stage2/CMakeFiles/CMakeTmp'
Building C object CMakeFiles/cmTC_70721.dir/CheckSymbolExists.c.o
/home/anjan/github.com/osxcross/build/llvm-3.9.1.src/build_stage1/bin/clang   -march=native    -o CMakeFiles/cmTC_70721.dir/CheckSymbolExists.c.o   -c /home/anjan/github.com/osxcross/build/llvm-3.9.1.src/build_stage2/CMakeFiles/CMakeTmp/CheckSymbolExists.c
/home/anjan/github.com/osxcross/build/llvm-3.9.1.src/build_stage2/CMakeFiles/CMakeTmp/CheckSymbolExists.c:2:10: fatal error: 'malloc_np.h' file not found
#include <malloc_np.h>
         ^
1 error generated.
gmake[1]: *** [CMakeFiles/cmTC_70721.dir/build.make:66: CMakeFiles/cmTC_70721.dir/CheckSymbolExists.c.o] Error 1
gmake[1]: Leaving directory '/home/anjan/github.com/osxcross/build/llvm-3.9.1.src/build_stage2/CMakeFiles/CMakeTmp'
gmake: *** [Makefile:126: cmTC_70721/fast] Error 2

File /home/anjan/github.com/osxcross/build/llvm-3.9.1.src/build_stage2/CMakeFiles/CMakeTmp/CheckSymbolExists.c:
/* */
#include <malloc_np.h>

int main(int argc, char** argv)
{
  (void)argv;
#ifndef mallctl
  return ((int*)(&mallctl))[argc];
#else
  (void)argc;
  return 0;
#endif
}

Determining if the malloc_zone_statistics exist failed with the following output:
Change Dir: /home/anjan/github.com/osxcross/build/llvm-3.9.1.src/build_stage2/CMakeFiles/CMakeTmp

Run Build Command:"/usr/bin/gmake" "cmTC_59653/fast"
/usr/bin/gmake -f CMakeFiles/cmTC_59653.dir/build.make CMakeFiles/cmTC_59653.dir/build
gmake[1]: Entering directory '/home/anjan/github.com/osxcross/build/llvm-3.9.1.src/build_stage2/CMakeFiles/CMakeTmp'
Building C object CMakeFiles/cmTC_59653.dir/CheckSymbolExists.c.o
/home/anjan/github.com/osxcross/build/llvm-3.9.1.src/build_stage1/bin/clang   -march=native    -o CMakeFiles/cmTC_59653.dir/CheckSymbolExists.c.o   -c /home/anjan/github.com/osxcross/build/llvm-3.9.1.src/build_stage2/CMakeFiles/CMakeTmp/CheckSymbolExists.c
/home/anjan/github.com/osxcross/build/llvm-3.9.1.src/build_stage2/CMakeFiles/CMakeTmp/CheckSymbolExists.c:2:10: fatal error: 'malloc/malloc.h' file not found
#include <malloc/malloc.h>
         ^
1 error generated.
gmake[1]: *** [CMakeFiles/cmTC_59653.dir/build.make:66: CMakeFiles/cmTC_59653.dir/CheckSymbolExists.c.o] Error 1
gmake[1]: Leaving directory '/home/anjan/github.com/osxcross/build/llvm-3.9.1.src/build_stage2/CMakeFiles/CMakeTmp'
gmake: *** [Makefile:126: cmTC_59653/fast] Error 2

File /home/anjan/github.com/osxcross/build/llvm-3.9.1.src/build_stage2/CMakeFiles/CMakeTmp/CheckSymbolExists.c:
/* */
#include <malloc/malloc.h>

int main(int argc, char** argv)
{
  (void)argv;
#ifndef malloc_zone_statistics
  return ((int*)(&malloc_zone_statistics))[argc];
#else
  (void)argc;
  return 0;
#endif
}

Determining if the strerror_s exist failed with the following output:
Change Dir: /home/anjan/github.com/osxcross/build/llvm-3.9.1.src/build_stage2/CMakeFiles/CMakeTmp

Run Build Command:"/usr/bin/gmake" "cmTC_56725/fast"
/usr/bin/gmake -f CMakeFiles/cmTC_56725.dir/build.make CMakeFiles/cmTC_56725.dir/build
gmake[1]: Entering directory '/home/anjan/github.com/osxcross/build/llvm-3.9.1.src/build_stage2/CMakeFiles/CMakeTmp'
Building C object CMakeFiles/cmTC_56725.dir/CheckSymbolExists.c.o
/home/anjan/github.com/osxcross/build/llvm-3.9.1.src/build_stage1/bin/clang   -march=native    -o CMakeFiles/cmTC_56725.dir/CheckSymbolExists.c.o   -c /home/anjan/github.com/osxcross/build/llvm-3.9.1.src/build_stage2/CMakeFiles/CMakeTmp/CheckSymbolExists.c
/home/anjan/github.com/osxcross/build/llvm-3.9.1.src/build_stage2/CMakeFiles/CMakeTmp/CheckSymbolExists.c:8:19: error: use of undeclared identifier 'strerror_s'
  return ((int*)(&strerror_s))[argc];
                  ^
1 error generated.
gmake[1]: *** [CMakeFiles/cmTC_56725.dir/build.make:66: CMakeFiles/cmTC_56725.dir/CheckSymbolExists.c.o] Error 1
gmake[1]: Leaving directory '/home/anjan/github.com/osxcross/build/llvm-3.9.1.src/build_stage2/CMakeFiles/CMakeTmp'
gmake: *** [Makefile:126: cmTC_56725/fast] Error 2

File /home/anjan/github.com/osxcross/build/llvm-3.9.1.src/build_stage2/CMakeFiles/CMakeTmp/CheckSymbolExists.c:
/* */
#include <string.h>

int main(int argc, char** argv)
{
  (void)argv;
#ifndef strerror_s
  return ((int*)(&strerror_s))[argc];
#else
  (void)argc;
  return 0;
#endif
}

